[29Apr2025 00:00:10.240] [Server thread/INFO] [net.minecraft.server.MinecraftServer/]: [3cm_6sec: Gave 1 [Glock-18] to 3cm_6sec]
[29Apr2025 00:00:12.375] [Server thread/INFO] [net.minecraft.server.MinecraftServer/]: [3cm_6sec: Gave 4 [Glock-18] to 3cm_6sec]
[29Apr2025 00:02:15.774] [Server thread/INFO] [net.minecraft.server.MinecraftServer/]: [3cm_6sec: Set own game mode to Creative Mode]
[29Apr2025 00:02:49.198] [Server thread/INFO] [net.minecraft.server.MinecraftServer/]: [3cm_6sec: Set own game mode to Spectator Mode]
[29Apr2025 00:02:52.069] [Server thread/INFO] [net.minecraft.server.MinecraftServer/]: [3cm_6sec: Set own game mode to Survival Mode]
[29Apr2025 00:07:24.848] [Server thread/INFO] [net.minecraft.server.MinecraftServer/]: [3cm_6sec: Set own game mode to Creative Mode]
[29Apr2025 00:08:20.185] [Server thread/INFO] [net.minecraft.server.MinecraftServer/]: [3cm_6sec: Set own game mode to Survival Mode]
[29Apr2025 00:08:22.059] [Server thread/INFO] [net.minecraft.server.MinecraftServer/]: [3cm_6sec: Set own game mode to Creative Mode]
[29Apr2025 00:09:05.161] [Server thread/INFO] [net.minecraft.server.network.ServerGamePacketListenerImpl/]: 3cm_6sec lost connection: Disconnected
[29Apr2025 00:09:05.162] [Server thread/INFO] [net.minecraft.server.MinecraftServer/]: 3cm_6sec left the game
[29Apr2025 00:09:05.162] [Server thread/INFO] [voicechat/]: [voicechat] Disconnecting client 3cm_6sec
[29Apr2025 00:10:22.110] [Server thread/INFO] [net.minecraft.server.players.PlayerList/]: 3cm_6sec[/127.33.157.175:32993] logged in with entity id 6652 at (-59.50835394203801, 129.0, -75.69999998807907)
[29Apr2025 00:10:22.125] [Server thread/INFO] [net.minecraft.server.MinecraftServer/]: 3cm_6sec joined the game
[29Apr2025 00:10:22.930] [Server thread/INFO] [voicechat/]: [voicechat] Received secret request of 3cm_6sec (18)
[29Apr2025 00:10:22.930] [Server thread/INFO] [voicechat/]: [voicechat] Sent secret to 3cm_6sec
[29Apr2025 00:10:27.847] [VoiceChatPacketProcessingThread/INFO] [voicechat/]: [voicechat] Successfully authenticated player 8df1b7f8-95dd-32e1-a56f-ccb9176001f7
[29Apr2025 00:10:28.849] [VoiceChatPacketProcessingThread/INFO] [voicechat/]: [voicechat] Successfully validated connection of player 8df1b7f8-95dd-32e1-a56f-ccb9176001f7
[29Apr2025 00:10:28.850] [VoiceChatPacketProcessingThread/INFO] [voicechat/]: [voicechat] Player 3cm_6sec (8df1b7f8-95dd-32e1-a56f-ccb9176001f7) successfully connected to voice chat
[29Apr2025 00:12:52.843] [Server thread/INFO] [net.minecraft.server.MinecraftServer/]: [3cm_6sec: Gave 1 [Vector] to 3cm_6sec]
[29Apr2025 00:12:57.108] [Server thread/INFO] [net.minecraft.server.network.ServerGamePacketListenerImpl/]: 3cm_6sec lost connection: Disconnected
[29Apr2025 00:12:57.108] [Server thread/INFO] [net.minecraft.server.MinecraftServer/]: 3cm_6sec left the game
[29Apr2025 00:12:57.109] [Server thread/INFO] [voicechat/]: [voicechat] Disconnecting client 3cm_6sec
[29Apr2025 00:14:01.358] [Server thread/INFO] [net.minecraft.server.players.PlayerList/]: 3cm_6sec[/127.33.157.175:58789] logged in with entity id 7141 at (-59.69999998807907, 129.0, -75.48471130728298)
[29Apr2025 00:14:01.373] [Server thread/INFO] [net.minecraft.server.MinecraftServer/]: 3cm_6sec joined the game
[29Apr2025 00:14:02.161] [Server thread/INFO] [voicechat/]: [voicechat] Received secret request of 3cm_6sec (18)
[29Apr2025 00:14:02.161] [Server thread/INFO] [voicechat/]: [voicechat] Sent secret to 3cm_6sec
[29Apr2025 00:14:11.894] [VoiceChatPacketProcessingThread/INFO] [voicechat/]: [voicechat] Successfully authenticated player 8df1b7f8-95dd-32e1-a56f-ccb9176001f7
[29Apr2025 00:14:12.895] [VoiceChatPacketProcessingThread/INFO] [voicechat/]: [voicechat] Successfully validated connection of player 8df1b7f8-95dd-32e1-a56f-ccb9176001f7
[29Apr2025 00:14:12.896] [VoiceChatPacketProcessingThread/INFO] [voicechat/]: [voicechat] Player 3cm_6sec (8df1b7f8-95dd-32e1-a56f-ccb9176001f7) successfully connected to voice chat
[29Apr2025 00:14:22.369] [Server thread/INFO] [net.minecraft.server.MinecraftServer/]: [3cm_6sec: Gave 1 [Chest] to 3cm_6sec]
[29Apr2025 00:14:28.646] [Server thread/INFO] [net.minecraft.server.MinecraftServer/]: [3cm_6sec: Gave 1 [Chest] to 3cm_6sec]
[29Apr2025 00:14:39.162] [Server thread/INFO] [net.minecraft.server.MinecraftServer/]: [3cm_6sec: Removed 399 item(s) from player 3cm_6sec]
[29Apr2025 00:14:42.399] [Server thread/INFO] [net.minecraft.server.MinecraftServer/]: [3cm_6sec: Gave 1 [Chest] to 3cm_6sec]
[29Apr2025 00:15:04.335] [Server thread/INFO] [net.minecraft.server.MinecraftServer/]: [3cm_6sec: Gave 64 [Bread] to 3cm_6sec]
[29Apr2025 00:15:05.296] [Server thread/INFO] [net.minecraft.server.MinecraftServer/]: [3cm_6sec: Gave 64 [Bread] to 3cm_6sec]
[29Apr2025 00:15:06.060] [Server thread/INFO] [net.minecraft.server.MinecraftServer/]: [3cm_6sec: Gave 64 [Bread] to 3cm_6sec]
[29Apr2025 00:15:06.924] [Server thread/INFO] [net.minecraft.server.MinecraftServer/]: [3cm_6sec: Gave 64 [Bread] to 3cm_6sec]
[29Apr2025 00:15:50.560] [Server thread/INFO] [net.minecraft.server.MinecraftServer/]: [3cm_6sec: Gave 5 [Iron Pipe] to 3cm_6sec]
[29Apr2025 00:16:12.443] [Server thread/INFO] [net.minecraft.server.MinecraftServer/]: [3cm_6sec: Gave 5 [Shield] to 3cm_6sec]
[29Apr2025 00:16:48.867] [Server thread/INFO] [net.minecraft.server.MinecraftServer/]: [3cm_6sec: Gave 1 [Oak Planks] to 3cm_6sec]
[29Apr2025 00:16:52.659] [Server thread/INFO] [net.minecraft.server.MinecraftServer/]: [3cm_6sec: Gave 63 [Oak Planks] to 3cm_6sec]
[29Apr2025 00:16:54.384] [Server thread/INFO] [net.minecraft.server.MinecraftServer/]: [3cm_6sec: Gave 64 [Oak Planks] to 3cm_6sec]
[29Apr2025 00:16:57.500] [Server thread/INFO] [net.minecraft.server.MinecraftServer/]: [3cm_6sec: Gave 64 [Oak Planks] to 3cm_6sec]
[29Apr2025 00:16:58.445] [Server thread/INFO] [net.minecraft.server.MinecraftServer/]: [3cm_6sec: Gave 64 [Oak Planks] to 3cm_6sec]
[29Apr2025 00:17:03.567] [Server thread/INFO] [net.minecraft.server.MinecraftServer/]: [3cm_6sec: Gave 64 [Oak Planks] to 3cm_6sec]
[29Apr2025 00:17:14.283] [Server thread/INFO] [net.minecraft.server.MinecraftServer/]: [3cm_6sec: Removed 2 item(s) from player 3cm_6sec]
[29Apr2025 00:17:18.299] [Server thread/INFO] [net.minecraft.server.MinecraftServer/]: [3cm_6sec: Set own game mode to Survival Mode]
[29Apr2025 00:17:30.875] [Server thread/INFO] [net.minecraft.server.MinecraftServer/]: [3cm_6sec: Gave 1 [Blue Bed] to 3cm_6sec]
[29Apr2025 00:17:46.607] [Server thread/INFO] [net.minecraft.server.network.ServerGamePacketListenerImpl/]: 3cm_6sec lost connection: Disconnected
[29Apr2025 00:17:46.607] [Server thread/INFO] [net.minecraft.server.MinecraftServer/]: 3cm_6sec left the game
[29Apr2025 00:17:46.608] [Server thread/INFO] [voicechat/]: [voicechat] Disconnecting client 3cm_6sec
[29Apr2025 00:18:10.502] [Server thread/INFO] [net.minecraft.server.MinecraftServer/]: Stopping the server
[29Apr2025 00:18:10.558] [Server thread/INFO] [net.minecraft.server.MinecraftServer/]: Stopping server
[29Apr2025 00:18:10.559] [Server thread/INFO] [net.minecraft.server.MinecraftServer/]: Saving players
[29Apr2025 00:18:10.559] [Server thread/INFO] [net.minecraft.server.MinecraftServer/]: Saving worlds
[29Apr2025 00:18:10.738] [Server thread/INFO] [net.minecraft.server.MinecraftServer/]: Saving chunks for level 'ServerLevel[APOCALIPSIS]'/minecraft:overworld
[29Apr2025 00:18:11.122] [Server thread/INFO] [net.minecraft.server.MinecraftServer/]: Saving chunks for level 'ServerLevel[APOCALIPSIS]'/minecraft:the_nether
[29Apr2025 00:18:11.123] [Server thread/INFO] [net.minecraft.server.MinecraftServer/]: Saving chunks for level 'ServerLevel[APOCALIPSIS]'/lostcities:lostcity
[29Apr2025 00:18:11.124] [Server thread/INFO] [net.minecraft.server.MinecraftServer/]: Saving chunks for level 'ServerLevel[APOCALIPSIS]'/minecraft:the_end
[29Apr2025 00:18:11.223] [Server thread/INFO] [net.minecraft.server.MinecraftServer/]: ThreadedAnvilChunkStorage (world): All chunks are saved
[29Apr2025 00:18:11.224] [Server thread/INFO] [net.minecraft.server.MinecraftServer/]: ThreadedAnvilChunkStorage (DIM-1): All chunks are saved
[29Apr2025 00:18:11.224] [Server thread/INFO] [net.minecraft.server.MinecraftServer/]: ThreadedAnvilChunkStorage (lostcity): All chunks are saved
[29Apr2025 00:18:11.224] [Server thread/INFO] [net.minecraft.server.MinecraftServer/]: ThreadedAnvilChunkStorage (DIM1): All chunks are saved
[29Apr2025 00:18:11.224] [Server thread/INFO] [net.minecraft.server.MinecraftServer/]: ThreadedAnvilChunkStorage: All dimensions are saved
[29Apr2025 00:18:11.258] [Server thread/INFO] [Framework/]: Unloading server configs...
[29Apr2025 00:18:11.260] [Server thread/INFO] [journeymap/]: Loading JourneyMap Forge Configs
